<?xml version="1.0" encoding="UTF-8"?>
<!-- Generated by org.testng.reporters.JUnitReportReporter -->
<testsuite skipped="0" hostname="Mohammads-MacBook-Air.local" name="lec34_java_selenium_methods.J02_webBasedAlert" tests="2" failures="0" timestamp="2021-12-22T22:49:48 EST" time="15.359" errors="0">
  <testcase name="acceptAlertFromWindow" time="10.156" classname="lec34_java_selenium_methods.J02_webBasedAlert"/>
  <system-out/>
  <testcase name="dismissAlertFromWindow" time="5.203" classname="lec34_java_selenium_methods.J02_webBasedAlert"/>
  <system-out/>
</testsuite> <!-- lec34_java_selenium_methods.J02_webBasedAlert -->
