<?xml version="1.0" encoding="UTF-8"?>
<!-- Generated by org.testng.reporters.JUnitReportReporter -->
<testsuite skipped="0" hostname="Mohammads-MacBook-Air.local" name="lec39_java_selenium_methods.N06_use_of_fluent_wait" tests="1" failures="0" timestamp="2022-01-06T12:42:35 EST" time="6.887" errors="0">
  <testcase name="requestAnAppointmentTest" time="6.887" classname="lec39_java_selenium_methods.N06_use_of_fluent_wait"/>
  <system-out/>
</testsuite> <!-- lec39_java_selenium_methods.N06_use_of_fluent_wait -->
