<?xml version="1.0" encoding="UTF-8"?>
<!-- Generated by org.testng.reporters.JUnitReportReporter -->
<testsuite skipped="0" hostname="Mohammads-Air" name="lec32_java_selenium_methods.C01_use_of_sendKeys_method" tests="3" failures="0" timestamp="2021-12-17T21:45:44 EST" time="24.170" errors="0">
  <testcase name="userIdTest" time="5.347" classname="lec32_java_selenium_methods.C01_use_of_sendKeys_method"/>
  <system-out/>
  <testcase name="passwordTest" time="5.234" classname="lec32_java_selenium_methods.C01_use_of_sendKeys_method"/>
  <system-out/>
  <testcase name="searchFieldTest" time="13.589" classname="lec32_java_selenium_methods.C01_use_of_sendKeys_method"/>
  <system-out/>
</testsuite> <!-- lec32_java_selenium_methods.C01_use_of_sendKeys_method -->
