<?xml version="1.0" encoding="UTF-8"?>
<!-- Generated by org.testng.reporters.JUnitReportReporter -->
<testsuite skipped="0" hostname="Mohammads-MacBook-Air.local" name="lec34_java_selenium_methods.J01_use_of_mouse_hover_action" tests="2" failures="0" timestamp="2021-12-22T22:52:51 EST" time="14.484" errors="0">
  <testcase name="mouseHoverActionOnAboutUsTest" time="6.266" classname="lec34_java_selenium_methods.J01_use_of_mouse_hover_action"/>
  <system-out/>
  <testcase name="mouseHoverActionOnOurLocations" time="8.218" classname="lec34_java_selenium_methods.J01_use_of_mouse_hover_action"/>
  <system-out/>
</testsuite> <!-- lec34_java_selenium_methods.J01_use_of_mouse_hover_action -->
