<?xml version="1.0" encoding="UTF-8"?>
<!-- Generated by org.testng.reporters.JUnitReportReporter -->
<testsuite skipped="0" hostname="Mohammads-Air" name="lec31_java_selenium_methods.Practice" tests="1" failures="0" timestamp="2021-12-15T19:34:33 EST" time="0.104" errors="0">
  <testcase name="loginButtonTest" time="0.104" classname="lec31_java_selenium_methods.Practice"/>
  <system-out/>
</testsuite> <!-- lec31_java_selenium_methods.Practice -->
