<?xml version="1.0" encoding="UTF-8"?>
<!-- Generated by org.testng.reporters.JUnitReportReporter -->
<testsuite skipped="0" hostname="Mohammads-Air" name="lec32_java_selenium_methods.B02_use_of_isDisplayed_method" tests="1" failures="0" timestamp="2021-12-17T20:32:54 EST" time="0.114" errors="0">
  <testcase name="logoTest" time="0.114" classname="lec32_java_selenium_methods.B02_use_of_isDisplayed_method"/>
  <system-out/>
</testsuite> <!-- lec32_java_selenium_methods.B02_use_of_isDisplayed_method -->
