<?xml version="1.0" encoding="UTF-8"?>
<!-- Generated by org.testng.reporters.JUnitReportReporter -->
<testsuite skipped="0" hostname="Mohammads-Air" name="lec32_java_selenium_methods.D05_use_of_getAttribute_method" tests="1" failures="0" timestamp="2021-12-17T22:14:41 EST" time="0.214" errors="0">
  <testcase name="getAttributeTest" time="0.214" classname="lec32_java_selenium_methods.D05_use_of_getAttribute_method"/>
  <system-out/>
</testsuite> <!-- lec32_java_selenium_methods.D05_use_of_getAttribute_method -->
