<?xml version="1.0" encoding="UTF-8"?>
<!-- Generated by org.testng.reporters.JUnitReportReporter -->
<testsuite skipped="0" hostname="Mohammads-MacBook-Air.local" name="lec40_java_selenium_methods.P02_SwitchWindows_differentWay" tests="1" failures="0" timestamp="2022-01-07T23:00:14 EST" time="0.963" errors="0">
  <testcase name="switchWindows" time="0.963" classname="lec40_java_selenium_methods.P02_SwitchWindows_differentWay"/>
  <system-out/>
</testsuite> <!-- lec40_java_selenium_methods.P02_SwitchWindows_differentWay -->
