<?xml version="1.0" encoding="UTF-8"?>
<!-- Generated by org.testng.reporters.JUnitReportReporter -->
<testsuite skipped="0" hostname="Mohammads-MacBook-Air.local" name="lec39_java_selenium_methods.N05_use_of_right_click_action" tests="1" failures="0" timestamp="2022-01-05T22:54:48 EST" time="11.291" errors="0">
  <testcase name="rightClickAction" time="11.291" classname="lec39_java_selenium_methods.N05_use_of_right_click_action"/>
  <system-out/>
</testsuite> <!-- lec39_java_selenium_methods.N05_use_of_right_click_action -->
