<?xml version="1.0" encoding="UTF-8"?>
<!-- Generated by org.testng.reporters.JUnitReportReporter -->
<testsuite skipped="0" hostname="Mohammads-MacBook-Air.local" name="lec34_java_selenium_methods.E03_use_of_sendKeys_method_and_click_by_enter_key_and_then_clear" tests="2" failures="0" timestamp="2022-01-02T20:21:29 EST" time="47.878" errors="0">
  <testcase name="searchAProductTest01" time="27.898" classname="lec34_java_selenium_methods.E03_use_of_sendKeys_method_and_click_by_enter_key_and_then_clear"/>
  <system-out/>
  <testcase name="searchAProductTest02" time="19.980" classname="lec34_java_selenium_methods.E03_use_of_sendKeys_method_and_click_by_enter_key_and_then_clear"/>
  <system-out/>
</testsuite> <!-- lec34_java_selenium_methods.E03_use_of_sendKeys_method_and_click_by_enter_key_and_then_clear -->
