<?xml version="1.0" encoding="UTF-8"?>
<!-- Generated by org.testng.reporters.JUnitReportReporter -->
<testsuite skipped="1" hostname="Mohammads-MacBook-Air.local" name="lec39_java_selenium_methods.N05_use_of_SkipException" tests="2" failures="0" timestamp="2022-01-06T15:21:44 EST" time="0.055" errors="0">
  <testcase name="nonSkipHomePageTitleTest" time="0.037" classname="lec39_java_selenium_methods.N05_use_of_SkipException"/>
  <system-out/>
  <testcase name="skipHomePageTitleTest" time="0.018" classname="lec39_java_selenium_methods.N05_use_of_SkipException">
    <skipped/>
  </testcase> <!-- skipHomePageTitleTest -->
  <system-out/>
</testsuite> <!-- lec39_java_selenium_methods.N05_use_of_SkipException -->
