<?xml version="1.0" encoding="UTF-8"?>
<!-- Generated by org.testng.reporters.JUnitReportReporter -->
<testsuite skipped="0" hostname="Mohammads-Air" name="lec32_java_selenium_methods.D02_use_of_getCurrentURL_method" tests="1" failures="0" timestamp="2021-12-17T21:53:16 EST" time="5.238" errors="0">
  <testcase name="currentURLTest" time="5.238" classname="lec32_java_selenium_methods.D02_use_of_getCurrentURL_method"/>
  <system-out/>
</testsuite> <!-- lec32_java_selenium_methods.D02_use_of_getCurrentURL_method -->
