<?xml version="1.0" encoding="UTF-8"?>
<!-- Generated by org.testng.reporters.JUnitReportReporter -->
<testsuite skipped="0" hostname="Mohammads-Air" name="lec32_java_selenium_methods.D01_use_of_getTitle_method" tests="1" failures="0" timestamp="2021-12-17T21:42:55 EST" time="0.013" errors="0">
  <testcase name="titleTest" time="0.013" classname="lec32_java_selenium_methods.D01_use_of_getTitle_method"/>
  <system-out/>
</testsuite> <!-- lec32_java_selenium_methods.D01_use_of_getTitle_method -->
