<?xml version="1.0" encoding="UTF-8"?>
<!-- Generated by org.testng.reporters.JUnitReportReporter -->
<testsuite skipped="0" hostname="Mohammads-Air" name="lec31_java_selenium_methods.B01_use_of_click_method" tests="1" failures="0" timestamp="2021-12-17T20:13:13 EST" time="8.270" errors="0">
  <testcase name="loginButtonTest" time="8.270" classname="lec31_java_selenium_methods.B01_use_of_click_method"/>
  <system-out/>
</testsuite> <!-- lec31_java_selenium_methods.B01_use_of_click_method -->
