<?xml version="1.0" encoding="UTF-8"?>
<!-- Generated by org.testng.reporters.JUnitReportReporter -->
<testsuite skipped="0" hostname="Mohammads-MacBook-Air.local" name="lec40_java_selenium_methods.O04_use_of_slider_action" tests="1" failures="0" timestamp="2022-01-07T21:46:33 EST" time="0.374" errors="0">
  <testcase name="sliderActionTest" time="0.374" classname="lec40_java_selenium_methods.O04_use_of_slider_action"/>
  <system-out/>
</testsuite> <!-- lec40_java_selenium_methods.O04_use_of_slider_action -->
