<?xml version="1.0" encoding="UTF-8"?>
<!-- Generated by org.testng.reporters.JUnitReportReporter -->
<testsuite skipped="1" hostname="Mohammads-MacBook-Air.local" name="lec39_java_selenium_methods.N02_use_of_mouse_hover_action_and_invocation_count" tests="4" failures="0" timestamp="2022-01-05T21:16:04 EST" time="6.685" errors="0">
  <testcase name="mouseHoverActionOnAboutUsTest" time="2.234" classname="lec39_java_selenium_methods.N02_use_of_mouse_hover_action_and_invocation_count"/>
  <system-out/>
  <testcase name="mouseHoverActionOnAboutUsTest" time="2.283" classname="lec39_java_selenium_methods.N02_use_of_mouse_hover_action_and_invocation_count"/>
  <system-out/>
  <testcase name="mouseHoverActionOnAboutUsTest" time="2.168" classname="lec39_java_selenium_methods.N02_use_of_mouse_hover_action_and_invocation_count"/>
  <system-out/>
  <testcase name="mouseHoverActionOnOurLocations" classname="lec39_java_selenium_methods.N02_use_of_mouse_hover_action_and_invocation_count">
    <skipped/>
  </testcase> <!-- mouseHoverActionOnOurLocations -->
  <system-out/>
</testsuite> <!-- lec39_java_selenium_methods.N02_use_of_mouse_hover_action_and_invocation_count -->
