<?xml version="1.0" encoding="UTF-8"?>
<!-- Generated by org.testng.reporters.JUnitReportReporter -->
<testsuite skipped="1" hostname="Mohammads-Air" name="lec32_java_selenium_methods.B03_use_of_isEnabled_method" tests="2" failures="0" timestamp="2021-12-17T20:46:33 EST" time="0.072" errors="0">
  <testcase name="newUserRegistrationTest" time="0.072" classname="lec32_java_selenium_methods.B03_use_of_isEnabled_method"/>
  <system-out/>
  <testcase name="loginButtonTest" classname="lec32_java_selenium_methods.B03_use_of_isEnabled_method">
    <skipped/>
  </testcase> <!-- loginButtonTest -->
  <system-out/>
</testsuite> <!-- lec32_java_selenium_methods.B03_use_of_isEnabled_method -->
