<?xml version="1.0" encoding="UTF-8"?>
<!-- Generated by org.testng.reporters.JUnitReportReporter -->
<testsuite skipped="0" hostname="Mohammads-MacBook-Air.local" name="lec34_java_selenium_methods.H01_use_of_chrome_driver" tests="1" failures="0" timestamp="2021-12-22T20:50:30 EST" time="8.277" errors="0">
  <testcase name="loginButtonTest" time="8.277" classname="lec34_java_selenium_methods.H01_use_of_chrome_driver"/>
  <system-out/>
</testsuite> <!-- lec34_java_selenium_methods.H01_use_of_chrome_driver -->
