<?xml version="1.0" encoding="UTF-8"?>
<!-- Generated by org.testng.reporters.JUnitReportReporter -->
<testsuite skipped="1" hostname="Mohammads-MacBook-Air.local" name="lec39_java_selenium_methods.J01_use_of_mouse_hover_action" tests="4" failures="0" timestamp="2022-01-05T21:11:18 EST" time="18.783" errors="0">
  <testcase name="mouseHoverActionOnAboutUsTest" time="6.229" classname="lec39_java_selenium_methods.J01_use_of_mouse_hover_action"/>
  <system-out/>
  <testcase name="mouseHoverActionOnAboutUsTest" time="6.282" classname="lec39_java_selenium_methods.J01_use_of_mouse_hover_action"/>
  <system-out/>
  <testcase name="mouseHoverActionOnAboutUsTest" time="6.272" classname="lec39_java_selenium_methods.J01_use_of_mouse_hover_action"/>
  <system-out/>
  <testcase name="mouseHoverActionOnOurLocations" classname="lec39_java_selenium_methods.J01_use_of_mouse_hover_action">
    <skipped/>
  </testcase> <!-- mouseHoverActionOnOurLocations -->
  <system-out/>
</testsuite> <!-- lec39_java_selenium_methods.J01_use_of_mouse_hover_action -->
