<?xml version="1.0" encoding="UTF-8"?>
<!-- Generated by org.testng.reporters.JUnitReportReporter -->
<testsuite skipped="0" hostname="Mohammads-Air" name="lec32_java_selenium_methods.B02_05_use_of_click_method_by_different_locator" tests="1" failures="0" timestamp="2021-12-17T23:16:59 EST" time="0.679" errors="0">
  <testcase name="loginHeadingTest" time="0.679" classname="lec32_java_selenium_methods.B02_05_use_of_click_method_by_different_locator"/>
  <system-out/>
</testsuite> <!-- lec32_java_selenium_methods.B02_05_use_of_click_method_by_different_locator -->
