<?xml version="1.0" encoding="UTF-8"?>
<!-- Generated by org.testng.reporters.JUnitReportReporter -->
<testsuite skipped="0" hostname="Mohammads-Air" name="lec32_java_selenium_methods.B02_03_use_of_click_method_by_different_locator" tests="1" failures="0" timestamp="2021-12-17T22:55:33 EST" time="4.367" errors="0">
  <testcase name="SellTest02" time="4.367" classname="lec32_java_selenium_methods.B02_03_use_of_click_method_by_different_locator"/>
  <system-out/>
</testsuite> <!-- lec32_java_selenium_methods.B02_03_use_of_click_method_by_different_locator -->
