<?xml version="1.0" encoding="UTF-8"?>
<!-- Generated by org.testng.reporters.JUnitReportReporter -->
<testsuite skipped="0" hostname="Mohammads-MacBook-Air.local" name="lec34_java_selenium_methods.I03_dropdown_selectByValue_method" tests="1" failures="0" timestamp="2021-12-22T21:39:56 EST" time="10.290" errors="0">
  <testcase name="selectByVisibleTextTest" time="10.290" classname="lec34_java_selenium_methods.I03_dropdown_selectByValue_method"/>
  <system-out/>
</testsuite> <!-- lec34_java_selenium_methods.I03_dropdown_selectByValue_method -->
