<?xml version="1.0" encoding="UTF-8"?>
<!-- Generated by org.testng.reporters.JUnitReportReporter -->
<testsuite skipped="0" hostname="Mohammads-Air" name="lec33_java_selenium_methods.E02_use_of_sendKeys_method_and_click_submit_and_then_clear" tests="1" failures="0" timestamp="2021-12-20T21:01:15 EST" time="38.079" errors="0">
  <testcase name="searchAProductTest" time="38.079" classname="lec33_java_selenium_methods.E02_use_of_sendKeys_method_and_click_submit_and_then_clear"/>
  <system-out/>
</testsuite> <!-- lec33_java_selenium_methods.E02_use_of_sendKeys_method_and_click_submit_and_then_clear -->
