<?xml version="1.0" encoding="UTF-8"?>
<!-- Generated by org.testng.reporters.JUnitReportReporter -->
<testsuite skipped="0" hostname="Mohammads-Air" name="lec32_java_selenium_methods.B04_use_of_isSelected_method" tests="1" failures="0" timestamp="2021-12-17T21:02:52 EST" time="0.080" errors="0">
  <testcase name="loginButtonTest" time="0.080" classname="lec32_java_selenium_methods.B04_use_of_isSelected_method"/>
  <system-out/>
</testsuite> <!-- lec32_java_selenium_methods.B04_use_of_isSelected_method -->
