<?xml version="1.0" encoding="UTF-8"?>
<!-- Generated by org.testng.reporters.JUnitReportReporter -->
<testsuite skipped="0" hostname="Mohammads-MacBook-Air.local" name="lec34_java_selenium_methods.I02_dropdown_selectByVisibleText_method" tests="1" failures="0" timestamp="2021-12-22T21:36:19 EST" time="6.073" errors="0">
  <testcase name="selectByVisibleTextTest" time="6.073" classname="lec34_java_selenium_methods.I02_dropdown_selectByVisibleText_method"/>
  <system-out/>
</testsuite> <!-- lec34_java_selenium_methods.I02_dropdown_selectByVisibleText_method -->
