<?xml version="1.0" encoding="UTF-8"?>
<!-- Generated by org.testng.reporters.JUnitReportReporter -->
<testsuite skipped="2" hostname="Mohammads-MacBook-Air.local" name="lec39_java_selenium_methods.N04_use_of_scroll_down_and_scroll_up_action" tests="3" failures="0" timestamp="2022-01-05T22:43:42 EST" time="21.339" errors="0">
  <testcase name="scrollingGoogleSiteTest" time="21.339" classname="lec39_java_selenium_methods.N04_use_of_scroll_down_and_scroll_up_action"/>
  <system-out/>
  <testcase name="scrollDownAndScrollUpTest" classname="lec39_java_selenium_methods.N04_use_of_scroll_down_and_scroll_up_action">
    <skipped/>
  </testcase> <!-- scrollDownAndScrollUpTest -->
  <system-out/>
  <testcase name="scrollingAmazonSiteTest" classname="lec39_java_selenium_methods.N04_use_of_scroll_down_and_scroll_up_action">
    <skipped/>
  </testcase> <!-- scrollingAmazonSiteTest -->
  <system-out/>
</testsuite> <!-- lec39_java_selenium_methods.N04_use_of_scroll_down_and_scroll_up_action -->
