<?xml version="1.0" encoding="UTF-8"?>
<!-- Generated by org.testng.reporters.JUnitReportReporter -->
<testsuite skipped="0" hostname="Mohammads-Air" name="lec31_java_selenium_methods.B_use_of_get_method1" tests="1" failures="0" timestamp="2021-12-15T22:48:02 EST" time="7.406" errors="0">
  <testcase name="urlTest" time="7.406" classname="lec31_java_selenium_methods.B_use_of_get_method1"/>
  <system-out/>
</testsuite> <!-- lec31_java_selenium_methods.B_use_of_get_method1 -->
