<?xml version="1.0" encoding="UTF-8"?>
<!-- Generated by org.testng.reporters.JUnitReportReporter -->
<testsuite skipped="0" hostname="Mohammads-Air" name="lec32_java_selenium_methods.D03_use_of_getText_method" tests="1" failures="0" timestamp="2021-12-17T22:01:24 EST" time="5.143" errors="0">
  <testcase name="getTextTest" time="5.143" classname="lec32_java_selenium_methods.D03_use_of_getText_method"/>
  <system-out/>
</testsuite> <!-- lec32_java_selenium_methods.D03_use_of_getText_method -->
