<?xml version="1.0" encoding="UTF-8"?>
<!-- Generated by org.testng.reporters.JUnitReportReporter -->
<testsuite skipped="0" hostname="Mohammads-MacBook-Air.local" name="lec34_java_selenium_methods.I01_dropdown_selectByIndex_method" tests="1" failures="0" timestamp="2021-12-22T21:25:46 EST" time="10.932" errors="0">
  <testcase name="selectByIndexTest" time="10.932" classname="lec34_java_selenium_methods.I01_dropdown_selectByIndex_method"/>
  <system-out/>
</testsuite> <!-- lec34_java_selenium_methods.I01_dropdown_selectByIndex_method -->
