<?xml version="1.0" encoding="UTF-8"?>
<!-- Generated by org.testng.reporters.JUnitReportReporter -->
<testsuite skipped="0" hostname="Mohammads-MacBook-Air.local" name="lec40_java_selenium_methods.O02_use_of_double_click_action" tests="1" failures="0" timestamp="2022-01-07T21:23:13 EST" time="5.244" errors="0">
  <testcase name="doubleClickActionTest" time="5.244" classname="lec40_java_selenium_methods.O02_use_of_double_click_action"/>
  <system-out/>
</testsuite> <!-- lec40_java_selenium_methods.O02_use_of_double_click_action -->
