<?xml version="1.0" encoding="UTF-8"?>
<!-- Generated by org.testng.reporters.JUnitReportReporter -->
<testsuite skipped="0" hostname="Mohammads-MacBook-Air.local" name="lec40_java_selenium_methods.O05_AuthenticationPopUp" tests="1" failures="0" timestamp="2022-01-07T22:23:02 EST" time="5.061" errors="0">
  <testcase name="authenticationPopUpTest" time="5.061" classname="lec40_java_selenium_methods.O05_AuthenticationPopUp"/>
  <system-out/>
</testsuite> <!-- lec40_java_selenium_methods.O05_AuthenticationPopUp -->
