<?xml version="1.0" encoding="UTF-8"?>
<!-- Generated by org.testng.reporters.JUnitReportReporter -->
<testsuite skipped="0" hostname="Mohammads-Air" name="lec33_java_selenium_methods.B11_use_of_click_method_by_cssSelector_locator" tests="1" failures="0" timestamp="2021-12-20T20:37:17 EST" time="0.195" errors="0">
  <testcase name="loginButtonTest" time="0.195" classname="lec33_java_selenium_methods.B11_use_of_click_method_by_cssSelector_locator"/>
  <system-out/>
</testsuite> <!-- lec33_java_selenium_methods.B11_use_of_click_method_by_cssSelector_locator -->
