<?xml version="1.0" encoding="UTF-8"?>
<!-- Generated by org.testng.reporters.JUnitReportReporter -->
<testsuite skipped="0" hostname="Mohammads-MacBook-Air.local" name="lec40_java_selenium_methods.O03_use_of_drag_and_drop_action" tests="1" failures="0" timestamp="2022-01-07T21:39:42 EST" time="5.443" errors="0">
  <testcase name="dragAndDropActionTest" time="5.443" classname="lec40_java_selenium_methods.O03_use_of_drag_and_drop_action"/>
  <system-out/>
</testsuite> <!-- lec40_java_selenium_methods.O03_use_of_drag_and_drop_action -->
