<?xml version="1.0" encoding="UTF-8"?>
<!-- Generated by org.testng.reporters.JUnitReportReporter -->
<testsuite skipped="0" hostname="Mohammads-MacBook-Air.local" name="lec34_java_selenium_methods.H02_use_of_firefox_driver" tests="1" failures="0" timestamp="2021-12-22T20:51:34 EST" time="8.294" errors="0">
  <testcase name="loginButtonTest" time="8.294" classname="lec34_java_selenium_methods.H02_use_of_firefox_driver"/>
  <system-out/>
</testsuite> <!-- lec34_java_selenium_methods.H02_use_of_firefox_driver -->
