<?xml version="1.0" encoding="UTF-8"?>
<!-- Generated by org.testng.reporters.JUnitReportReporter -->
<testsuite skipped="0" hostname="Mohammads-MacBook-Air.local" name="lec40_java_selenium_methods.O01_use_of_findElements" tests="1" failures="0" timestamp="2022-01-07T21:12:37 EST" time="22.534" errors="0">
  <testcase name="mouseHoverActionOnAboutUsTest" time="22.534" classname="lec40_java_selenium_methods.O01_use_of_findElements"/>
  <system-out/>
</testsuite> <!-- lec40_java_selenium_methods.O01_use_of_findElements -->
