<?xml version="1.0" encoding="UTF-8"?>
<!-- Generated by org.testng.reporters.JUnitReportReporter -->
<testsuite skipped="0" hostname="Mohammads-Air" name="lec33_java_selenium_methods.E03_use_of_sendKeys_method_and_click_by_enter_key_and_then_clear" tests="2" failures="0" timestamp="2021-12-20T21:21:48 EST" time="65.044" errors="0">
  <testcase name="searchAProductTest01" time="42.686" classname="lec33_java_selenium_methods.E03_use_of_sendKeys_method_and_click_by_enter_key_and_then_clear"/>
  <system-out/>
  <testcase name="searchAProductTest02" time="22.358" classname="lec33_java_selenium_methods.E03_use_of_sendKeys_method_and_click_by_enter_key_and_then_clear"/>
  <system-out/>
</testsuite> <!-- lec33_java_selenium_methods.E03_use_of_sendKeys_method_and_click_by_enter_key_and_then_clear -->
