<?xml version="1.0" encoding="UTF-8"?>
<!-- Generated by org.testng.reporters.JUnitReportReporter -->
<testsuite skipped="0" hostname="Mohammads-Air" name="lec32_java_selenium_methods.B02_use_of_click_method_by_different_locator" tests="3" failures="0" timestamp="2021-12-17T22:40:51 EST" time="0.684" errors="0">
  <testcase name="loginButtonTest01" time="0.194" classname="lec32_java_selenium_methods.B02_use_of_click_method_by_different_locator"/>
  <system-out/>
  <testcase name="loginButtonTest02" time="0.266" classname="lec32_java_selenium_methods.B02_use_of_click_method_by_different_locator"/>
  <system-out/>
  <testcase name="newUserRegistrationTest" time="0.224" classname="lec32_java_selenium_methods.B02_use_of_click_method_by_different_locator"/>
  <system-out/>
</testsuite> <!-- lec32_java_selenium_methods.B02_use_of_click_method_by_different_locator -->
