<?xml version="1.0" encoding="UTF-8"?>
<!-- Generated by org.testng.reporters.JUnitReportReporter -->
<testsuite skipped="0" hostname="Mohammads-Air" name="lec31_java_selenium_methods.C_use_of_get_method" tests="1" failures="0" timestamp="2021-12-15T23:06:46 EST" time="8.161" errors="0">
  <testcase name="loginButtonTest" time="8.161" classname="lec31_java_selenium_methods.C_use_of_get_method"/>
  <system-out/>
</testsuite> <!-- lec31_java_selenium_methods.C_use_of_get_method -->
